<?xml version="1.0" encoding="UTF-8"?>
<testng-results ignored="2" total="3" passed="1" failed="0" skipped="0">
  <reporter-output>
  </reporter-output>
  <suite started-at="2025-12-19T15:13:14 IST" name="Default suite" finished-at="2025-12-19T15:15:28 IST" duration-ms="134229">
    <groups>
    </groups>
    <test started-at="2025-12-19T15:13:14 IST" name="Default test" finished-at="2025-12-19T15:15:28 IST" duration-ms="134229">
      <class name="pageTests.LoginPageTest">
        <test-method is-config="true" signature="configureAppium()[pri:0, instance:pageTests.LoginPageTest@4d0d9fe7]" started-at="2025-12-19T15:13:14 IST" name="configureAppium" finished-at="2025-12-19T15:13:30 IST" duration-ms="16083" status="PASS">
          <reporter-output>
          </reporter-output>
        </test-method> <!-- configureAppium -->
        <test-method is-config="true" signature="beforeEachTest()[pri:0, instance:pageTests.LoginPageTest@4d0d9fe7]" started-at="2025-12-19T15:13:30 IST" name="beforeEachTest" finished-at="2025-12-19T15:13:32 IST" duration-ms="1814" status="PASS">
          <reporter-output>
          </reporter-output>
        </test-method> <!-- beforeEachTest -->
        <test-method signature="validateLoginProcess()[pri:0, instance:pageTests.LoginPageTest@4d0d9fe7]" started-at="2025-12-19T15:13:32 IST" name="validateLoginProcess" finished-at="2025-12-19T15:15:27 IST" duration-ms="115064" status="PASS">
          <reporter-output>
          </reporter-output>
        </test-method> <!-- validateLoginProcess -->
        <test-method is-config="true" signature="tearDown()[pri:0, instance:pageTests.LoginPageTest@4d0d9fe7]" started-at="2025-12-19T15:15:27 IST" name="tearDown" finished-at="2025-12-19T15:15:28 IST" duration-ms="1188" status="PASS">
          <reporter-output>
          </reporter-output>
        </test-method> <!-- tearDown -->
      </class> <!-- pageTests.LoginPageTest -->
    </test> <!-- Default test -->
  </suite> <!-- Default suite -->
</testng-results>
