<?xml version="1.0" encoding="UTF-8"?>
<!-- Generated by org.testng.reporters.JUnitReportReporter -->
<testsuite hostname="DESKTOP-SO05OQG" failures="0" tests="3" name="pageTests.LoginPageTest" time="116.878" errors="0" timestamp="2025-12-19T15:15:29 IST" skipped="2">
  <testcase classname="pageTests.LoginPageTest" name="validateLoginProcess" time="116.878"/>
  <testcase classname="pageTests.LoginPageTest" name="validateInvalidMobileNumber_LengthCheck">
    <skipped/>
  </testcase> <!-- validateInvalidMobileNumber_LengthCheck -->
  <testcase classname="pageTests.LoginPageTest" name="validateInvalidMobileNumber_Unregistered">
    <skipped/>
  </testcase> <!-- validateInvalidMobileNumber_Unregistered -->
</testsuite> <!-- pageTests.LoginPageTest -->
